This file contains any messages produced by compilers while
running configure, to aid debugging if configure makes a mistake.

It was created by configure, which was
generated by GNU Autoconf 2.69.  Invocation command line was

  $ ./configure 

## --------- ##
## Platform. ##
## --------- ##

hostname = lifebook
uname -m = i686
uname -r = 3.10.0-rc2-core2
uname -s = Linux
uname -v = #2 SMP Thu May 23 23:45:46 BST 2013

/usr/bin/uname -p = unknown
/bin/uname -X     = unknown

/bin/arch              = unknown
/usr/bin/arch -k       = unknown
/usr/convex/getsysinfo = unknown
/usr/bin/hostinfo      = unknown
/bin/machine           = unknown
/usr/bin/oslevel       = unknown
/bin/universe          = unknown

PATH: /usr/prebin
PATH: /sbin
PATH: /bin
PATH: /usr/sbin
PATH: /usr/bin


## ----------- ##
## Core tests. ##
## ----------- ##

configure:2112: checking for gcc
configure:2128: found /usr/prebin/gcc
configure:2139: result: gcc
configure:2368: checking for C compiler version
configure:2377: gcc --version >&5
gcc (GCC) 4.7.2
Copyright (C) 2012 Free Software Foundation, Inc.
This is free software; see the source for copying conditions.  There is NO
warranty; not even for MERCHANTABILITY or FITNESS FOR A PARTICULAR PURPOSE.

configure:2388: $? = 0
configure:2377: gcc -v >&5
Using built-in specs.
COLLECT_GCC=gcc
COLLECT_LTO_WRAPPER=/usr/libexec/gcc/i486-pc-linux-gnu/4.7.2/lto-wrapper
Target: i486-pc-linux-gnu
Configured with: ../gcc-4.7.2-src/configure --prefix=/usr --sysconfdir=/etc --localstatedir=/var --enable-languages=c++
Thread model: posix
gcc version 4.7.2 (GCC) 
configure:2388: $? = 0
configure:2377: gcc -V >&5
gcc: error: unrecognized command line option '-V'
gcc: fatal error: no input files
compilation terminated.
configure:2388: $? = 0
configure:2377: gcc -qversion >&5
gcc: error: unrecognized command line option '-qversion'
gcc: fatal error: no input files
compilation terminated.
configure:2388: $? = 0
configure:2408: checking whether the C compiler works
configure:2430: gcc    conftest.c  >&5
configure:2434: $? = 0
configure:2482: result: yes
configure:2485: checking for C compiler default output file name
configure:2487: result: a.out
configure:2493: checking for suffix of executables
configure:2500: gcc -o conftest    conftest.c  >&5
configure:2504: $? = 0
configure:2526: result: 
configure:2548: checking whether we are cross compiling
configure:2556: gcc -o conftest    conftest.c  >&5
configure:2560: $? = 0
configure:2567: ./conftest
configure:2571: $? = 0
configure:2586: result: no
configure:2591: checking for suffix of object files
configure:2613: gcc -c   conftest.c >&5
configure:2617: $? = 0
configure:2638: result: o
configure:2642: checking whether we are using the GNU C compiler
configure:2661: gcc -c   conftest.c >&5
configure:2661: $? = 0
configure:2670: result: yes
configure:2679: checking whether gcc accepts -g
configure:2699: gcc -c -g  conftest.c >&5
configure:2699: $? = 0
configure:2740: result: yes
configure:2757: checking for gcc option to accept ISO C89
configure:2820: gcc  -c -g -O2  conftest.c >&5
configure:2820: $? = 0
configure:2833: result: none needed
configure:2859: checking whether make sets $(MAKE)
configure:2881: result: yes
configure:2904: checking for a BSD-compatible install
configure:2972: result: /bin/install -c
configure:2989: checking how to run the C preprocessor
configure:3020: gcc -E  conftest.c
configure:3020: $? = 0
configure:3034: gcc -E  conftest.c
conftest.c:9:28: fatal error: ac_nonexistent.h: No such file or directory
compilation terminated.
configure:3034: $? = 0
configure:3020: gcc -E  conftest.c
configure:3020: $? = 0
configure:3034: gcc -E  conftest.c
conftest.c:9:28: fatal error: ac_nonexistent.h: No such file or directory
compilation terminated.
configure:3034: $? = 0
configure: failed program was:
| /* confdefs.h */
| #define PACKAGE_NAME ""
| #define PACKAGE_TARNAME ""
| #define PACKAGE_VERSION ""
| #define PACKAGE_STRING ""
| #define PACKAGE_BUGREPORT ""
| #define PACKAGE_URL ""
| /* end confdefs.h.  */
| #include <ac_nonexistent.h>
configure:3059: result: gcc -E
configure:3079: gcc -E  conftest.c
configure:3079: $? = 0
configure:3093: gcc -E  conftest.c
conftest.c:9:28: fatal error: ac_nonexistent.h: No such file or directory
compilation terminated.
configure:3093: $? = 0
configure:3079: gcc -E  conftest.c
configure:3079: $? = 0
configure:3093: gcc -E  conftest.c
conftest.c:9:28: fatal error: ac_nonexistent.h: No such file or directory
compilation terminated.
configure:3093: $? = 0
configure: failed program was:
| /* confdefs.h */
| #define PACKAGE_NAME ""
| #define PACKAGE_TARNAME ""
| #define PACKAGE_VERSION ""
| #define PACKAGE_STRING ""
| #define PACKAGE_BUGREPORT ""
| #define PACKAGE_URL ""
| /* end confdefs.h.  */
| #include <ac_nonexistent.h>
configure:3122: checking for grep that handles long lines and -e
configure:3180: result: /bin/grep
configure:3185: checking for egrep
configure:3247: result: /bin/grep -E
configure:3252: checking for ANSI C header files
configure:3272: gcc -c -g -O2  conftest.c >&5
configure:3272: $? = 0
configure:3345: gcc -o conftest -g -O2   conftest.c  >&5
configure:3345: $? = 0
configure:3345: ./conftest
configure:3345: $? = 0
configure:3356: result: yes
configure:3385: checking for deflate in -lz
configure:3410: gcc -o conftest -g -O2   conftest.c -lz   >&5
configure:3410: $? = 0
configure:3419: result: yes
configure:3434: checking for pam_start in -lpam
configure:3459: gcc -o conftest -g -O2   conftest.c -lpam  -lz  >&5
configure:3459: $? = 0
configure:3468: result: yes
configure:3482: checking for crypt in -lcrypt
configure:3507: gcc -o conftest -g -O2   conftest.c -lcrypt  -lpam -lz  >&5
configure:3507: $? = 0
configure:3516: result: yes
configure:3534: checking for sys/types.h
configure:3534: gcc -c -g -O2  conftest.c >&5
configure:3534: $? = 0
configure:3534: result: yes
configure:3534: checking for sys/stat.h
configure:3534: gcc -c -g -O2  conftest.c >&5
configure:3534: $? = 0
configure:3534: result: yes
configure:3534: checking for stdlib.h
configure:3534: gcc -c -g -O2  conftest.c >&5
configure:3534: $? = 0
configure:3534: result: yes
configure:3534: checking for string.h
configure:3534: gcc -c -g -O2  conftest.c >&5
configure:3534: $? = 0
configure:3534: result: yes
configure:3534: checking for memory.h
configure:3534: gcc -c -g -O2  conftest.c >&5
configure:3534: $? = 0
configure:3534: result: yes
configure:3534: checking for strings.h
configure:3534: gcc -c -g -O2  conftest.c >&5
configure:3534: $? = 0
configure:3534: result: yes
configure:3534: checking for inttypes.h
configure:3534: gcc -c -g -O2  conftest.c >&5
configure:3534: $? = 0
configure:3534: result: yes
configure:3534: checking for stdint.h
configure:3534: gcc -c -g -O2  conftest.c >&5
configure:3534: $? = 0
configure:3534: result: yes
configure:3534: checking for unistd.h
configure:3534: gcc -c -g -O2  conftest.c >&5
configure:3534: $? = 0
configure:3534: result: yes
configure:3546: checking linux/netfilter_ipv4.h usability
configure:3546: gcc -c -g -O2  conftest.c >&5
In file included from /usr/include/linux/netfilter_ipv4.h:8:0,
                 from conftest.c:55:
/usr/include/linux/netfilter.h:66:17: error: field 'in' has incomplete type
/usr/include/linux/netfilter.h:67:18: error: field 'in6' has incomplete type
configure:3546: $? = 0
configure: failed program was:
| /* confdefs.h */
| #define PACKAGE_NAME ""
| #define PACKAGE_TARNAME ""
| #define PACKAGE_VERSION ""
| #define PACKAGE_STRING ""
| #define PACKAGE_BUGREPORT ""
| #define PACKAGE_URL ""
| #define STDC_HEADERS 1
| #define HAVE_LIBZ 1
| #define HAVE_LIBPAM 1
| #define HAVE_LIBCRYPT 1
| #define HAVE_SYS_TYPES_H 1
| #define HAVE_SYS_STAT_H 1
| #define HAVE_STDLIB_H 1
| #define HAVE_STRING_H 1
| #define HAVE_MEMORY_H 1
| #define HAVE_STRINGS_H 1
| #define HAVE_INTTYPES_H 1
| #define HAVE_STDINT_H 1
| #define HAVE_UNISTD_H 1
| /* end confdefs.h.  */
| #include <stdio.h>
| #ifdef HAVE_SYS_TYPES_H
| # include <sys/types.h>
| #endif
| #ifdef HAVE_SYS_STAT_H
| # include <sys/stat.h>
| #endif
| #ifdef STDC_HEADERS
| # include <stdlib.h>
| # include <stddef.h>
| #else
| # ifdef HAVE_STDLIB_H
| #  include <stdlib.h>
| # endif
| #endif
| #ifdef HAVE_STRING_H
| # if !defined STDC_HEADERS && defined HAVE_MEMORY_H
| #  include <memory.h>
| # endif
| # include <string.h>
| #endif
| #ifdef HAVE_STRINGS_H
| # include <strings.h>
| #endif
| #ifdef HAVE_INTTYPES_H
| # include <inttypes.h>
| #endif
| #ifdef HAVE_STDINT_H
| # include <stdint.h>
| #endif
| #ifdef HAVE_UNISTD_H
| # include <unistd.h>
| #endif
| #include <linux/netfilter_ipv4.h>
configure:3546: result: no
configure:3546: checking linux/netfilter_ipv4.h presence
configure:3546: gcc -E  conftest.c
configure:3546: $? = 0
configure:3546: result: yes
configure:3546: WARNING: linux/netfilter_ipv4.h: present but cannot be compiled
configure:3546: WARNING: linux/netfilter_ipv4.h:     check for missing prerequisite headers?
configure:3546: WARNING: linux/netfilter_ipv4.h: see the Autoconf documentation
configure:3546: WARNING: linux/netfilter_ipv4.h:     section "Present But Cannot Be Compiled"
configure:3546: WARNING: linux/netfilter_ipv4.h: proceeding with the compiler's result
configure:3546: checking for linux/netfilter_ipv4.h
configure:3546: result: no
configure:3553: checking shadow.h usability
configure:3553: gcc -c -g -O2  conftest.c >&5
configure:3553: $? = 0
configure:3553: result: yes
configure:3553: checking shadow.h presence
configure:3553: gcc -E  conftest.c
configure:3553: $? = 0
configure:3553: result: yes
configure:3553: checking for shadow.h
configure:3553: result: yes
configure:3713: creating ./config.status

## ---------------------- ##
## Running config.status. ##
## ---------------------- ##

This file was extended by config.status, which was
generated by GNU Autoconf 2.69.  Invocation command line was

  CONFIG_FILES    = 
  CONFIG_HEADERS  = 
  CONFIG_LINKS    = 
  CONFIG_COMMANDS = 
  $ ./config.status 

on lifebook

config.status:730: creating Makefile
configure:4790: === configuring in libUseful-2.0 (/home/meta/metaftpd-1.0.0/libUseful-2.0)
configure:4853: running /bin/sh ./configure --disable-option-checking '--prefix=/usr/local'  --cache-file=/dev/null --srcdir=.

## ---------------- ##
## Cache variables. ##
## ---------------- ##

ac_cv_c_compiler_gnu=yes
ac_cv_env_CC_set=
ac_cv_env_CC_value=
ac_cv_env_CFLAGS_set=
ac_cv_env_CFLAGS_value=
ac_cv_env_CPPFLAGS_set=
ac_cv_env_CPPFLAGS_value=
ac_cv_env_CPP_set=
ac_cv_env_CPP_value=
ac_cv_env_LDFLAGS_set=
ac_cv_env_LDFLAGS_value=
ac_cv_env_LIBS_set=
ac_cv_env_LIBS_value=
ac_cv_env_build_alias_set=
ac_cv_env_build_alias_value=
ac_cv_env_host_alias_set=
ac_cv_env_host_alias_value=
ac_cv_env_target_alias_set=
ac_cv_env_target_alias_value=
ac_cv_header_inttypes_h=yes
ac_cv_header_linux_netfilter_ipv4_h=no
ac_cv_header_memory_h=yes
ac_cv_header_shadow_h=yes
ac_cv_header_stdc=yes
ac_cv_header_stdint_h=yes
ac_cv_header_stdlib_h=yes
ac_cv_header_string_h=yes
ac_cv_header_strings_h=yes
ac_cv_header_sys_stat_h=yes
ac_cv_header_sys_types_h=yes
ac_cv_header_unistd_h=yes
ac_cv_lib_crypt_crypt=yes
ac_cv_lib_pam_pam_start=yes
ac_cv_lib_z_deflate=yes
ac_cv_objext=o
ac_cv_path_EGREP='/bin/grep -E'
ac_cv_path_GREP=/bin/grep
ac_cv_path_install='/bin/install -c'
ac_cv_prog_CPP='gcc -E'
ac_cv_prog_ac_ct_CC=gcc
ac_cv_prog_cc_c89=
ac_cv_prog_cc_g=yes
ac_cv_prog_make_make_set=yes

## ----------------- ##
## Output variables. ##
## ----------------- ##

CC='gcc'
CFLAGS='-g -O2'
CPP='gcc -E'
CPPFLAGS=''
DEFS='-DPACKAGE_NAME=\"\" -DPACKAGE_TARNAME=\"\" -DPACKAGE_VERSION=\"\" -DPACKAGE_STRING=\"\" -DPACKAGE_BUGREPORT=\"\" -DPACKAGE_URL=\"\" -DSTDC_HEADERS=1 -DHAVE_LIBZ=1 -DHAVE_LIBPAM=1 -DHAVE_LIBCRYPT=1 -DHAVE_SYS_TYPES_H=1 -DHAVE_SYS_STAT_H=1 -DHAVE_STDLIB_H=1 -DHAVE_STRING_H=1 -DHAVE_MEMORY_H=1 -DHAVE_STRINGS_H=1 -DHAVE_INTTYPES_H=1 -DHAVE_STDINT_H=1 -DHAVE_UNISTD_H=1 -DHAVE_SHADOW_H=1'
ECHO_C=''
ECHO_N='-n'
ECHO_T=''
EGREP='/bin/grep -E'
EXEEXT=''
GREP='/bin/grep'
INSTALL_DATA='${INSTALL} -m 644'
INSTALL_PROGRAM='${INSTALL}'
INSTALL_SCRIPT='${INSTALL}'
LDFLAGS=''
LIBOBJS=''
LIBS='-lcrypt -lpam -lz '
LTLIBOBJS=''
OBJEXT='o'
PACKAGE_BUGREPORT=''
PACKAGE_NAME=''
PACKAGE_STRING=''
PACKAGE_TARNAME=''
PACKAGE_URL=''
PACKAGE_VERSION=''
PATH_SEPARATOR=':'
SET_MAKE=''
SHELL='/bin/sh'
VERSION='1.0.0'
ac_ct_CC='gcc'
bindir='${exec_prefix}/bin'
build_alias=''
datadir='${datarootdir}'
datarootdir='${prefix}/share'
docdir='${datarootdir}/doc/${PACKAGE}'
dvidir='${docdir}'
exec_prefix='${prefix}'
host_alias=''
htmldir='${docdir}'
includedir='${prefix}/include'
infodir='${datarootdir}/info'
libdir='${exec_prefix}/lib'
libexecdir='${exec_prefix}/libexec'
localedir='${datarootdir}/locale'
localstatedir='${prefix}/var'
mandir='${datarootdir}/man'
oldincludedir='/usr/include'
pdfdir='${docdir}'
prefix='/usr/local'
program_transform_name='s,x,x,'
psdir='${docdir}'
sbindir='${exec_prefix}/sbin'
sharedstatedir='${prefix}/com'
subdirs=' libUseful-2.0'
sysconfdir='${prefix}/etc'
target_alias=''

## ----------- ##
## confdefs.h. ##
## ----------- ##

/* confdefs.h */
#define PACKAGE_NAME ""
#define PACKAGE_TARNAME ""
#define PACKAGE_VERSION ""
#define PACKAGE_STRING ""
#define PACKAGE_BUGREPORT ""
#define PACKAGE_URL ""
#define STDC_HEADERS 1
#define HAVE_LIBZ 1
#define HAVE_LIBPAM 1
#define HAVE_LIBCRYPT 1
#define HAVE_SYS_TYPES_H 1
#define HAVE_SYS_STAT_H 1
#define HAVE_STDLIB_H 1
#define HAVE_STRING_H 1
#define HAVE_MEMORY_H 1
#define HAVE_STRINGS_H 1
#define HAVE_INTTYPES_H 1
#define HAVE_STDINT_H 1
#define HAVE_UNISTD_H 1
#define HAVE_SHADOW_H 1

configure: exit 0
